This is LuaHBTeX, Version 1.12.0 (TeX Live 2020/W32TeX)  (format=lualatex 2020.9.11)  13 JUN 2021 21:50
 restricted system commands enabled.
**biblatex_tvseries_template.tex
(./biblatex_tvseries_template.tex
LaTeX2e <2020-02-02> patch level 5
Lua module: luaotfload-main 2020-09-02 3.15 luaotfload entry point
Lua module: luaotfload-init 2020-09-02 3.15 luaotfload submodule / initializatio
n
Lua module: lualibs 2020-08-31 2.72 ConTeXt Lua standard libraries.
Lua module: lualibs-extended 2020-08-31 2.72 ConTeXt Lua libraries -- extended c
ollection.
Lua module: luaotfload-log 2020-09-02 3.15 luaotfload submodule / logging
Lua module: luaotfload-parsers 2020-09-02 3.15 luaotfload submodule / parsers
Lua module: luaotfload-configuration 2020-09-02 3.15 luaotfload submodule / conf
ig file reader
luaotfload | conf : Root cache directory is "C:/Users/epam2/Downloads/tl/texlive
/2020/texmf-var/luatex-cache/generic/names".
luaotfload | init : Loading fontloader "fontloader-2020-08-31.lua" from kpse-res
olved path "c:/Users/epam2/Downloads/tl/texlive/2020/texmf-dist/tex/luatex/luaot
fload/fontloader-2020-08-31.lua".
Lua-only attribute luaotfload@noligature = 1
Lua-only attribute luaotfload@syllabe = 2
luaotfload | init : Context OpenType loader version 0x1.8e353f7ced917p+1
Lua module: luaotfload-fallback 2020-09-02 3.15 luaotfload submodule / fallback
Lua module: luaotfload-multiscript 2020-09-02 3.15 luaotfload submodule / multis
cript
Lua module: luaotfload-script 2020-09-02 3.15 luaotfload submodule / Script help
ers
Inserting `luaotfload.node_processor' at position 1 in `pre_linebreak_filter'.
Inserting `luaotfload.node_processor' at position 1 in `hpack_filter'.
Inserting `luaotfload.glyph_stream' at position 1 in `glyph_stream_provider'.
Lua module: luaotfload-loaders 2020-09-02 3.15 luaotfload submodule / callback h
andling
Inserting `luaotfload.define_font' at position 1 in `define_font'.
Lua module: luaotfload-database 2020-09-02 3.15 luaotfload submodule / database
Lua module: luaotfload-unicode 2020-09-02 3.15 luaotfload submodule / Unicode he
lpers
Lua module: luaotfload-colors 2020-09-02 3.15 luaotfload submodule / color
Lua-only attribute luaotfload_color_attribute = 3
Lua module: luaotfload-resolvers 2020-09-02 3.15 luaotfload submodule / resolver
s
luaotfload | conf : Root cache directory is "C:/Users/epam2/Downloads/tl/texlive
/2020/texmf-var/luatex-cache/generic/names".
Lua module: luaotfload-features 2020-09-02 3.15 luaotfload submodule / features
Lua module: luaotfload-harf-define 2020-09-02 3.15 luaotfload submodule / HarfBu
zz font loading
Inserting `luaotfload.harf.strip_prefix' at position 1 in `find_opentype_file'.
Inserting `luaotfload.harf.strip_prefix' at position 1 in `find_truetype_file'.
Lua module: luaotfload-harf-plug 2020-09-02 3.15 luaotfload submodule / HarfBuzz
 shaping
Inserting `Harf pre_output_filter callback' at position 1 in `pre_output_filter'
.
Inserting `Harf wrapup_run callback' at position 1 in `wrapup_run'.
Inserting `Harf finish_pdffile callback' at position 1 in `finish_pdffile'.
Inserting `Harf glyph_info callback' at position 1 in `glyph_info'.
Lua module: luaotfload-letterspace 2020-09-02 3.15 luaotfload submodule / letter
spacing
Lua module: luaotfload-embolden 2020-09-02 3.15 luaotfload submodule / embolden
Lua module: luaotfload-notdef 2020-09-02 3.15 luaotfload submodule / notdef
Lua module: luaotfload-suppress 2020-09-02 3.15 luaotfload submodule / suppress
Lua module: luaotfload-szss 2020-09-02 3.15 luaotfload submodule / Special featu
re handling
Lua module: luaotfload-auxiliary 2020-09-02 3.15 luaotfload submodule / auxiliar
y functions
Inserting `luaotfload.aux.set_sscale_dimens' at position 1 in `luaotfload.patch_
font'.
Inserting `luaotfload.aux.set_font_index' at position 2 in `luaotfload.patch_fon
t'.
Inserting `luaotfload.aux.patch_cambria_domh' at position 3 in `luaotfload.patch
_font'.
Inserting `luaotfload.aux.fixup_fontdata' at position 1 in `luaotfload.patch_fon
t_unsafe'.
Inserting `luaotfload.aux.set_capheight' at position 4 in `luaotfload.patch_font
'.
Inserting `luaotfload.aux.set_xheight' at position 5 in `luaotfload.patch_font'.
Lua module: luaotfload-tounicode 2020-09-02 3.15 luaotfload submodule / tounicod
e
Inserting `luaotfload.rewrite_fontname' at position 6 in `luaotfload.patch_font'
. L3 programming layer <2020-09-06>

LaTeX Warning: Writing or overwriting file `./biblatex_tvseries_template.bib'.


\openout127 = biblatex_tvseries_template.bib

LaTeX Warning: Tab has been converted to Blank Space.



LaTeX Warning: File `bibtvseries.dbx' already exists on the system.
               Not generating it from this source.


LaTeX Warning: File `english-bibtvseries.lbx' already exists on the system.
               Not generating it from this source.


(c:/Users/epam2/Downloads/tl/texlive/2020/texmf-dist/tex/latex/base/article.cls
Document Class: article 2019/12/20 v1.4l Standard LaTeX document class
(c:/Users/epam2/Downloads/tl/texlive/2020/texmf-dist/tex/latex/base/size12.clo
File: size12.clo 2019/12/20 v1.4l Standard LaTeX file (size option)
luaotfload | db : Font names database loaded from C:/Users/epam2/Downloads/tl/te
xlive/2020/texmf-var/luatex-cache/generic/names/luaotfload-names.luc)
\c@part=\count164
\c@section=\count165
\c@subsection=\count166
\c@subsubsection=\count167
\c@paragraph=\count168
\c@subparagraph=\count169
\c@figure=\count170
\c@table=\count171
\abovecaptionskip=\skip47
\belowcaptionskip=\skip48
\bibindent=\dimen134
)
(c:/Users/epam2/Downloads/tl/texlive/2020/texmf-dist/tex/latex/xcolor/xcolor.st
y
Package: xcolor 2016/05/11 v2.12 LaTeX color extensions (UK)

(c:/Users/epam2/Downloads/tl/texlive/2020/texmf-dist/tex/latex/graphics-cfg/col
or.cfg
File: color.cfg 2016/01/02 v1.6 sample color configuration
)
Package xcolor Info: Driver file: luatex.def on input line 225.

(c:/Users/epam2/Downloads/tl/texlive/2020/texmf-dist/tex/latex/graphics-def/lua
tex.def
File: luatex.def 2020/08/26 v1.2 Graphics/color driver for luatex
)
Package xcolor Info: Model `cmy' substituted by `cmy0' on input line 1348.
Package xcolor Info: Model `hsb' substituted by `rgb' on input line 1352.
Package xcolor Info: Model `RGB' extended on input line 1364.
Package xcolor Info: Model `HTML' substituted by `rgb' on input line 1366.
Package xcolor Info: Model `Hsb' substituted by `hsb' on input line 1367.
Package xcolor Info: Model `tHsb' substituted by `hsb' on input line 1368.
Package xcolor Info: Model `HSB' substituted by `hsb' on input line 1369.
Package xcolor Info: Model `Gray' substituted by `gray' on input line 1370.
Package xcolor Info: Model `wave' substituted by `hsb' on input line 1371.
)
(c:/Users/epam2/Downloads/tl/texlive/2020/texmf-dist/tex/latex/fontspec/fontspe
c.sty
(c:/Users/epam2/Downloads/tl/texlive/2020/texmf-dist/tex/latex/l3packages/xpars
e/xparse.sty
(c:/Users/epam2/Downloads/tl/texlive/2020/texmf-dist/tex/latex/l3kernel/expl3.s
ty
Package: expl3 2020-09-06 L3 programming layer (loader) 

(c:/Users/epam2/Downloads/tl/texlive/2020/texmf-dist/tex/latex/l3backend/l3back
end-luatex.def
File: l3backend-luatex.def 2020-09-01 L3 backend support: PDF output (LuaTeX)
\l__kernel_color_stack_int=\count172
\l__pdf_internal_box=\box45
))
Package: xparse 2020-05-15 L3 Experimental document command parser

(c:/Users/epam2/Downloads/tl/texlive/2020/texmf-dist/tex/latex/l3packages/xpars
e/xparse-generic.tex
\l__xparse_current_arg_int=\count173
\g__xparse_grabber_int=\count174
\l__xparse_m_args_int=\count175
\l__xparse_v_nesting_int=\count176
))
Package: fontspec 2020/02/21 v2.7i Font selection for XeLaTeX and LuaLaTeX
Lua module: fontspec 2020/02/21 2.7i Font selection for XeLaTeX and LuaLaTeX
(c:/Users/epam2/Downloads/tl/texlive/2020/texmf-dist/tex/latex/fontspec/fontspe
c-luatex.sty
Package: fontspec-luatex 2020/02/21 v2.7i Font selection for XeLaTeX and LuaLaTe
X
\l__fontspec_script_int=\count177
\l__fontspec_language_int=\count178
\l__fontspec_strnum_int=\count179
\l__fontspec_tmp_int=\count180
\l__fontspec_tmpa_int=\count181
\l__fontspec_tmpb_int=\count182
\l__fontspec_tmpc_int=\count183
\l__fontspec_em_int=\count184
\l__fontspec_emdef_int=\count185
\l__fontspec_strong_int=\count186
\l__fontspec_strongdef_int=\count187
\l__fontspec_tmpa_dim=\dimen135
\l__fontspec_tmpb_dim=\dimen136
\l__fontspec_tmpc_dim=\dimen137

(c:/Users/epam2/Downloads/tl/texlive/2020/texmf-dist/tex/latex/base/fontenc.sty
Package: fontenc 2020/02/11 v2.0o Standard LaTeX package
)
(c:/Users/epam2/Downloads/tl/texlive/2020/texmf-dist/tex/latex/fontspec/fontspe
c.cfg)))
luaotfload | aux : font no 28 (nil) defines no feature for script latn
luaotfload | aux : font no 28 (nil) defines no feature for script dflt

Package fontspec Info: Font family 'wmdesigns1(0)' created for font
(fontspec)             'wmdesigns1' with options
(fontspec)             [BoldFont={},ItalicFont={},SmallCapsFont={},Path=C:/Users
/Public/fonts/,Extension=.ttf,UprightFont=*,Scale=3,Colour=brown].
(fontspec)              
(fontspec)              This font family consists of the following NFSS
(fontspec)             series/shapes:
(fontspec)              
(fontspec)             - 'normal' (m/n) with NFSS spec.:
(fontspec)             <->s*[3]"[C:/Users/Public/fonts/wmdesigns1.ttf]:mode=node
;language=dflt;color=BF8040FF
(fontspec)             ;"
(fontspec)             - 'small caps'  (m/sc) with NFSS spec.: 


(c:/Users/epam2/Downloads/tl/texlive/2020/texmf-dist/tex/latex/pgf/frontendlaye
r/tikz.sty
(c:/Users/epam2/Downloads/tl/texlive/2020/texmf-dist/tex/latex/pgf/basiclayer/p
gf.sty
(c:/Users/epam2/Downloads/tl/texlive/2020/texmf-dist/tex/latex/pgf/utilities/pg
frcs.sty
(c:/Users/epam2/Downloads/tl/texlive/2020/texmf-dist/tex/generic/pgf/utilities/
pgfutil-common.tex
\pgfutil@everybye=\toks15
\pgfutil@tempdima=\dimen138
\pgfutil@tempdimb=\dimen139

(c:/Users/epam2/Downloads/tl/texlive/2020/texmf-dist/tex/generic/pgf/utilities/
pgfutil-common-lists.tex))
(c:/Users/epam2/Downloads/tl/texlive/2020/texmf-dist/tex/generic/pgf/utilities/
pgfutil-latex.def
\pgfutil@abb=\box46

(c:/Users/epam2/Downloads/tl/texlive/2020/texmf-dist/tex/latex/ms/everyshi.sty
Package: everyshi 2001/05/15 v3.00 EveryShipout Package (MS)
))
(c:/Users/epam2/Downloads/tl/texlive/2020/texmf-dist/tex/generic/pgf/utilities/
pgfrcs.code.tex
(c:/Users/epam2/Downloads/tl/texlive/2020/texmf-dist/tex/generic/pgf/pgf.revisi
on.tex)
Package: pgfrcs 2020/01/08 v3.1.5b (3.1.5b)
))
Package: pgf 2020/01/08 v3.1.5b (3.1.5b)

(c:/Users/epam2/Downloads/tl/texlive/2020/texmf-dist/tex/latex/pgf/basiclayer/p
gfcore.sty
(c:/Users/epam2/Downloads/tl/texlive/2020/texmf-dist/tex/latex/graphics/graphic
x.sty
Package: graphicx 2019/11/30 v1.2a Enhanced LaTeX Graphics (DPC,SPQR)

(c:/Users/epam2/Downloads/tl/texlive/2020/texmf-dist/tex/latex/graphics/keyval.
sty
Package: keyval 2014/10/28 v1.15 key=value parser (DPC)
\KV@toks@=\toks16
)
(c:/Users/epam2/Downloads/tl/texlive/2020/texmf-dist/tex/latex/graphics/graphic
s.sty
Package: graphics 2019/11/30 v1.4a Standard LaTeX Graphics (DPC,SPQR)

(c:/Users/epam2/Downloads/tl/texlive/2020/texmf-dist/tex/latex/graphics/trig.st
y
Package: trig 2016/01/03 v1.10 sin cos tan (DPC)
)
(c:/Users/epam2/Downloads/tl/texlive/2020/texmf-dist/tex/latex/graphics-cfg/gra
phics.cfg
File: graphics.cfg 2016/06/04 v1.11 sample graphics configuration
)
Package graphics Info: Driver file: luatex.def on input line 105.
)
\Gin@req@height=\dimen140
\Gin@req@width=\dimen141
)
(c:/Users/epam2/Downloads/tl/texlive/2020/texmf-dist/tex/latex/pgf/systemlayer/
pgfsys.sty
(c:/Users/epam2/Downloads/tl/texlive/2020/texmf-dist/tex/generic/pgf/systemlaye
r/pgfsys.code.tex
Package: pgfsys 2020/01/08 v3.1.5b (3.1.5b)

(c:/Users/epam2/Downloads/tl/texlive/2020/texmf-dist/tex/generic/pgf/utilities/
pgfkeys.code.tex
\pgfkeys@pathtoks=\toks17
\pgfkeys@temptoks=\toks18

(c:/Users/epam2/Downloads/tl/texlive/2020/texmf-dist/tex/generic/pgf/utilities/
pgfkeysfiltered.code.tex
\pgfkeys@tmptoks=\toks19
))
\pgf@x=\dimen142
\pgf@y=\dimen143
\pgf@xa=\dimen144
\pgf@ya=\dimen145
\pgf@xb=\dimen146
\pgf@yb=\dimen147
\pgf@xc=\dimen148
\pgf@yc=\dimen149
\pgf@xd=\dimen150
\pgf@yd=\dimen151
\w@pgf@writea=\write3
\r@pgf@reada=\read2
\c@pgf@counta=\count188
\c@pgf@countb=\count189
\c@pgf@countc=\count190
\c@pgf@countd=\count191
\t@pgf@toka=\toks20
\t@pgf@tokb=\toks21
\t@pgf@tokc=\toks22
\pgf@sys@id@count=\count192

(c:/Users/epam2/Downloads/tl/texlive/2020/texmf-dist/tex/generic/pgf/systemlaye
r/pgf.cfg
File: pgf.cfg 2020/01/08 v3.1.5b (3.1.5b)
)
Driver file for pgf: pgfsys-luatex.def

(c:/Users/epam2/Downloads/tl/texlive/2020/texmf-dist/tex/generic/pgf/systemlaye
r/pgfsys-luatex.def
File: pgfsys-luatex.def 2020/01/08 v3.1.5b (3.1.5b)

(c:/Users/epam2/Downloads/tl/texlive/2020/texmf-dist/tex/generic/pgf/systemlaye
r/pgfsys-common-pdf.def
File: pgfsys-common-pdf.def 2020/01/08 v3.1.5b (3.1.5b)
)))
(c:/Users/epam2/Downloads/tl/texlive/2020/texmf-dist/tex/generic/pgf/systemlaye
r/pgfsyssoftpath.code.tex
File: pgfsyssoftpath.code.tex 2020/01/08 v3.1.5b (3.1.5b)
\pgfsyssoftpath@smallbuffer@items=\count193
\pgfsyssoftpath@bigbuffer@items=\count194
)
(c:/Users/epam2/Downloads/tl/texlive/2020/texmf-dist/tex/generic/pgf/systemlaye
r/pgfsysprotocol.code.tex
File: pgfsysprotocol.code.tex 2020/01/08 v3.1.5b (3.1.5b)
))
(c:/Users/epam2/Downloads/tl/texlive/2020/texmf-dist/tex/generic/pgf/basiclayer
/pgfcore.code.tex
Package: pgfcore 2020/01/08 v3.1.5b (3.1.5b)

(c:/Users/epam2/Downloads/tl/texlive/2020/texmf-dist/tex/generic/pgf/math/pgfma
th.code.tex
(c:/Users/epam2/Downloads/tl/texlive/2020/texmf-dist/tex/generic/pgf/math/pgfma
thcalc.code.tex
(c:/Users/epam2/Downloads/tl/texlive/2020/texmf-dist/tex/generic/pgf/math/pgfma
thutil.code.tex)
(c:/Users/epam2/Downloads/tl/texlive/2020/texmf-dist/tex/generic/pgf/math/pgfma
thparser.code.tex
\pgfmath@dimen=\dimen152
\pgfmath@count=\count195
\pgfmath@box=\box47
\pgfmath@toks=\toks23
\pgfmath@stack@operand=\toks24
\pgfmath@stack@operation=\toks25
)
(c:/Users/epam2/Downloads/tl/texlive/2020/texmf-dist/tex/generic/pgf/math/pgfma
thfunctions.code.tex
(c:/Users/epam2/Downloads/tl/texlive/2020/texmf-dist/tex/generic/pgf/math/pgfma
thfunctions.basic.code.tex)
(c:/Users/epam2/Downloads/tl/texlive/2020/texmf-dist/tex/generic/pgf/math/pgfma
thfunctions.trigonometric.code.tex)
(c:/Users/epam2/Downloads/tl/texlive/2020/texmf-dist/tex/generic/pgf/math/pgfma
thfunctions.random.code.tex)
(c:/Users/epam2/Downloads/tl/texlive/2020/texmf-dist/tex/generic/pgf/math/pgfma
thfunctions.comparison.code.tex)
(c:/Users/epam2/Downloads/tl/texlive/2020/texmf-dist/tex/generic/pgf/math/pgfma
thfunctions.base.code.tex)
(c:/Users/epam2/Downloads/tl/texlive/2020/texmf-dist/tex/generic/pgf/math/pgfma
thfunctions.round.code.tex)
(c:/Users/epam2/Downloads/tl/texlive/2020/texmf-dist/tex/generic/pgf/math/pgfma
thfunctions.misc.code.tex)
(c:/Users/epam2/Downloads/tl/texlive/2020/texmf-dist/tex/generic/pgf/math/pgfma
thfunctions.integerarithmetics.code.tex)))
(c:/Users/epam2/Downloads/tl/texlive/2020/texmf-dist/tex/generic/pgf/math/pgfma
thfloat.code.tex
\c@pgfmathroundto@lastzeros=\count196
))
(c:/Users/epam2/Downloads/tl/texlive/2020/texmf-dist/tex/generic/pgf/math/pgfin
t.code.tex)
(c:/Users/epam2/Downloads/tl/texlive/2020/texmf-dist/tex/generic/pgf/basiclayer
/pgfcorepoints.code.tex
File: pgfcorepoints.code.tex 2020/01/08 v3.1.5b (3.1.5b)
\pgf@picminx=\dimen153
\pgf@picmaxx=\dimen154
\pgf@picminy=\dimen155
\pgf@picmaxy=\dimen156
\pgf@pathminx=\dimen157
\pgf@pathmaxx=\dimen158
\pgf@pathminy=\dimen159
\pgf@pathmaxy=\dimen160
\pgf@xx=\dimen161
\pgf@xy=\dimen162
\pgf@yx=\dimen163
\pgf@yy=\dimen164
\pgf@zx=\dimen165
\pgf@zy=\dimen166
)
(c:/Users/epam2/Downloads/tl/texlive/2020/texmf-dist/tex/generic/pgf/basiclayer
/pgfcorepathconstruct.code.tex
File: pgfcorepathconstruct.code.tex 2020/01/08 v3.1.5b (3.1.5b)
\pgf@path@lastx=\dimen167
\pgf@path@lasty=\dimen168
)
(c:/Users/epam2/Downloads/tl/texlive/2020/texmf-dist/tex/generic/pgf/basiclayer
/pgfcorepathusage.code.tex
File: pgfcorepathusage.code.tex 2020/01/08 v3.1.5b (3.1.5b)
\pgf@shorten@end@additional=\dimen169
\pgf@shorten@start@additional=\dimen170
)
(c:/Users/epam2/Downloads/tl/texlive/2020/texmf-dist/tex/generic/pgf/basiclayer
/pgfcorescopes.code.tex
File: pgfcorescopes.code.tex 2020/01/08 v3.1.5b (3.1.5b)
\pgfpic=\box48
\pgf@hbox=\box49
\pgf@layerbox@main=\box50
\pgf@picture@serial@count=\count197
)
(c:/Users/epam2/Downloads/tl/texlive/2020/texmf-dist/tex/generic/pgf/basiclayer
/pgfcoregraphicstate.code.tex
File: pgfcoregraphicstate.code.tex 2020/01/08 v3.1.5b (3.1.5b)
\pgflinewidth=\dimen171
)
(c:/Users/epam2/Downloads/tl/texlive/2020/texmf-dist/tex/generic/pgf/basiclayer
/pgfcoretransformations.code.tex
File: pgfcoretransformations.code.tex 2020/01/08 v3.1.5b (3.1.5b)
\pgf@pt@x=\dimen172
\pgf@pt@y=\dimen173
\pgf@pt@temp=\dimen174
)
(c:/Users/epam2/Downloads/tl/texlive/2020/texmf-dist/tex/generic/pgf/basiclayer
/pgfcorequick.code.tex
File: pgfcorequick.code.tex 2020/01/08 v3.1.5b (3.1.5b)
)
(c:/Users/epam2/Downloads/tl/texlive/2020/texmf-dist/tex/generic/pgf/basiclayer
/pgfcoreobjects.code.tex
File: pgfcoreobjects.code.tex 2020/01/08 v3.1.5b (3.1.5b)
)
(c:/Users/epam2/Downloads/tl/texlive/2020/texmf-dist/tex/generic/pgf/basiclayer
/pgfcorepathprocessing.code.tex
File: pgfcorepathprocessing.code.tex 2020/01/08 v3.1.5b (3.1.5b)
)
(c:/Users/epam2/Downloads/tl/texlive/2020/texmf-dist/tex/generic/pgf/basiclayer
/pgfcorearrows.code.tex
File: pgfcorearrows.code.tex 2020/01/08 v3.1.5b (3.1.5b)
\pgfarrowsep=\dimen175
)
(c:/Users/epam2/Downloads/tl/texlive/2020/texmf-dist/tex/generic/pgf/basiclayer
/pgfcoreshade.code.tex
File: pgfcoreshade.code.tex 2020/01/08 v3.1.5b (3.1.5b)
\pgf@max=\dimen176
\pgf@sys@shading@range@num=\count198
\pgf@shadingcount=\count199
)
(c:/Users/epam2/Downloads/tl/texlive/2020/texmf-dist/tex/generic/pgf/basiclayer
/pgfcoreimage.code.tex
File: pgfcoreimage.code.tex 2020/01/08 v3.1.5b (3.1.5b)

(c:/Users/epam2/Downloads/tl/texlive/2020/texmf-dist/tex/generic/pgf/basiclayer
/pgfcoreexternal.code.tex
File: pgfcoreexternal.code.tex 2020/01/08 v3.1.5b (3.1.5b)
\pgfexternal@startupbox=\box51
))
(c:/Users/epam2/Downloads/tl/texlive/2020/texmf-dist/tex/generic/pgf/basiclayer
/pgfcorelayers.code.tex
File: pgfcorelayers.code.tex 2020/01/08 v3.1.5b (3.1.5b)
)
(c:/Users/epam2/Downloads/tl/texlive/2020/texmf-dist/tex/generic/pgf/basiclayer
/pgfcoretransparency.code.tex
File: pgfcoretransparency.code.tex 2020/01/08 v3.1.5b (3.1.5b)
)
(c:/Users/epam2/Downloads/tl/texlive/2020/texmf-dist/tex/generic/pgf/basiclayer
/pgfcorepatterns.code.tex
File: pgfcorepatterns.code.tex 2020/01/08 v3.1.5b (3.1.5b)
)
(c:/Users/epam2/Downloads/tl/texlive/2020/texmf-dist/tex/generic/pgf/basiclayer
/pgfcorerdf.code.tex
File: pgfcorerdf.code.tex 2020/01/08 v3.1.5b (3.1.5b)
)))
(c:/Users/epam2/Downloads/tl/texlive/2020/texmf-dist/tex/generic/pgf/modules/pg
fmoduleshapes.code.tex
File: pgfmoduleshapes.code.tex 2020/01/08 v3.1.5b (3.1.5b)
\pgfnodeparttextbox=\box52
)
(c:/Users/epam2/Downloads/tl/texlive/2020/texmf-dist/tex/generic/pgf/modules/pg
fmoduleplot.code.tex
File: pgfmoduleplot.code.tex 2020/01/08 v3.1.5b (3.1.5b)
)
(c:/Users/epam2/Downloads/tl/texlive/2020/texmf-dist/tex/latex/pgf/compatibilit
y/pgfcomp-version-0-65.sty
Package: pgfcomp-version-0-65 2020/01/08 v3.1.5b (3.1.5b)
\pgf@nodesepstart=\dimen177
\pgf@nodesepend=\dimen178
)
(c:/Users/epam2/Downloads/tl/texlive/2020/texmf-dist/tex/latex/pgf/compatibilit
y/pgfcomp-version-1-18.sty
Package: pgfcomp-version-1-18 2020/01/08 v3.1.5b (3.1.5b)
))
(c:/Users/epam2/Downloads/tl/texlive/2020/texmf-dist/tex/latex/pgf/utilities/pg
ffor.sty
(c:/Users/epam2/Downloads/tl/texlive/2020/texmf-dist/tex/latex/pgf/utilities/pg
fkeys.sty
(c:/Users/epam2/Downloads/tl/texlive/2020/texmf-dist/tex/generic/pgf/utilities/
pgfkeys.code.tex))
(c:/Users/epam2/Downloads/tl/texlive/2020/texmf-dist/tex/latex/pgf/math/pgfmath
.sty
(c:/Users/epam2/Downloads/tl/texlive/2020/texmf-dist/tex/generic/pgf/math/pgfma
th.code.tex))
(c:/Users/epam2/Downloads/tl/texlive/2020/texmf-dist/tex/generic/pgf/utilities/
pgffor.code.tex
Package: pgffor 2020/01/08 v3.1.5b (3.1.5b)

(c:/Users/epam2/Downloads/tl/texlive/2020/texmf-dist/tex/generic/pgf/math/pgfma
th.code.tex)
\pgffor@iter=\dimen179
\pgffor@skip=\dimen180
\pgffor@stack=\toks26
\pgffor@toks=\toks27
))
(c:/Users/epam2/Downloads/tl/texlive/2020/texmf-dist/tex/generic/pgf/frontendla
yer/tikz/tikz.code.tex
Package: tikz 2020/01/08 v3.1.5b (3.1.5b)

(c:/Users/epam2/Downloads/tl/texlive/2020/texmf-dist/tex/generic/pgf/libraries/
pgflibraryplothandlers.code.tex
File: pgflibraryplothandlers.code.tex 2020/01/08 v3.1.5b (3.1.5b)
\pgf@plot@mark@count=\count266
\pgfplotmarksize=\dimen181
)
\tikz@lastx=\dimen182
\tikz@lasty=\dimen183
\tikz@lastxsaved=\dimen184
\tikz@lastysaved=\dimen185
\tikz@lastmovetox=\dimen186
\tikz@lastmovetoy=\dimen187
\tikzleveldistance=\dimen188
\tikzsiblingdistance=\dimen189
\tikz@figbox=\box53
\tikz@figbox@bg=\box54
\tikz@tempbox=\box55
\tikz@tempbox@bg=\box56
\tikztreelevel=\count267
\tikznumberofchildren=\count268
\tikznumberofcurrentchild=\count269
\tikz@fig@count=\count270

(c:/Users/epam2/Downloads/tl/texlive/2020/texmf-dist/tex/generic/pgf/modules/pg
fmodulematrix.code.tex
File: pgfmodulematrix.code.tex 2020/01/08 v3.1.5b (3.1.5b)
\pgfmatrixcurrentrow=\count271
\pgfmatrixcurrentcolumn=\count272
\pgf@matrix@numberofcolumns=\count273
)
\tikz@expandcount=\count274

(c:/Users/epam2/Downloads/tl/texlive/2020/texmf-dist/tex/generic/pgf/frontendla
yer/tikz/libraries/tikzlibrarytopaths.code.tex
File: tikzlibrarytopaths.code.tex 2020/01/08 v3.1.5b (3.1.5b)
)))
(c:/Users/epam2/Downloads/tl/texlive/2020/texmf-dist/tex/generic/babel/babel.st
y
Package: babel 2020/09/01 3.48 The Babel package

(c:/Users/epam2/Downloads/tl/texlive/2020/texmf-dist/tex/generic/babel/babel.de
f
File: babel.def 2020/09/01 3.48 Babel common definitions

(c:/Users/epam2/Downloads/tl/texlive/2020/texmf-dist/tex/generic/babel/luababel
.def
\bbl@readstream=\read3
\l@dumylang=\language2
Package babel Info: Non-standard hyphenation setup on input line 117.
\l@nohyphenation=\language3
\l@german-x-2019-04-04=\language4
\l@ngerman-x-2019-04-04=\language5
\l@afrikaans=\language6
\l@ancientgreek=\language7
\l@ibycus=\language8
\l@arabic=\language9
\l@armenian=\language10
\l@basque=\language11
\l@belarusian=\language12
\l@bulgarian=\language13
\l@catalan=\language14
\l@pinyin=\language15
\l@churchslavonic=\language16
\l@coptic=\language17
\l@croatian=\language18
\l@czech=\language19
\l@danish=\language20
\l@dutch=\language21
\l@ukenglish=\language22
\l@usenglishmax=\language23
\l@esperanto=\language24
\l@estonian=\language25
\l@ethiopic=\language26
\l@farsi=\language27
\l@finnish=\language28
\l@french=\language29
\l@friulan=\language30
\l@galician=\language31
\l@georgian=\language32
\l@german=\language33
\l@ngerman=\language34
\l@swissgerman=\language35
\l@greek=\language36
\l@monogreek=\language37
\l@hungarian=\language38
\l@icelandic=\language39
\l@assamese=\language40
\l@bengali=\language41
\l@gujarati=\language42
\l@hindi=\language43
\l@kannada=\language44
\l@malayalam=\language45
\l@marathi=\language46
\l@oriya=\language47
\l@pali=\language48
\l@panjabi=\language49
\l@tamil=\language50
\l@telugu=\language51
\l@indonesian=\language52
\l@interlingua=\language53
\l@irish=\language54
\l@italian=\language55
\l@kurmanji=\language56
\l@classiclatin=\language57
\l@latin=\language58
\l@liturgicallatin=\language59
\l@latvian=\language60
\l@lithuanian=\language61
\l@macedonian=\language62
\l@mongolian=\language63
\l@mongolianlmc=\language64
\l@bokmal=\language65
\l@nynorsk=\language66
\l@occitan=\language67
\l@piedmontese=\language68
\l@polish=\language69
\l@portuguese=\language70
\l@romanian=\language71
\l@romansh=\language72
\l@russian=\language73
\l@sanskrit=\language74
\l@serbian=\language75
\l@serbianc=\language76
\l@slovak=\language77
\l@slovenian=\language78
\l@spanish=\language79
\l@swedish=\language80
\l@thai=\language81
\l@turkish=\language82
\l@turkmen=\language83
\l@ukrainian=\language84
\l@uppersorbian=\language85
\l@welsh=\language86
\babelcatcodetablenum=\catcodetable12
\bbl@pattcodes=\catcodetable13
)
\babel@savecnt=\count275
\U@D=\dimen190
\l@babelnohyphens=\language87

(c:/Users/epam2/Downloads/tl/texlive/2020/texmf-dist/tex/generic/babel/luababel
.def
\bbl@attr@locale=\attribute4
))
(c:/Users/epam2/Downloads/tl/texlive/2020/texmf-dist/tex/generic/babel-english/
english.ldf
Language: english 2017/06/06 v3.3r English support from the babel system
Package babel Info: \l@canadian = using hyphenrules for english
(babel)             (\language0) on input line 102.
Package babel Info: \l@australian = using hyphenrules for ukenglish
(babel)             (\language22) on input line 105.
Package babel Info: \l@newzealand = using hyphenrules for ukenglish
(babel)             (\language22) on input line 108.
))
(c:/Users/epam2/Downloads/tl/texlive/2020/texmf-dist/tex/latex/csquotes/csquote
s.sty
Package: csquotes 2019-12-06 v5.2j context-sensitive quotations (JAW)

(c:/Users/epam2/Downloads/tl/texlive/2020/texmf-dist/tex/latex/etoolbox/etoolbo
x.sty
Package: etoolbox 2020/08/24 v2.5j e-TeX tools for LaTeX (JAW)
\etb@tempcnta=\count276
)
\csq@reset=\count277
\csq@gtype=\count278
\csq@glevel=\count279
\csq@qlevel=\count280
\csq@maxlvl=\count281
\csq@tshold=\count282
\csq@ltx@everypar=\toks28

(c:/Users/epam2/Downloads/tl/texlive/2020/texmf-dist/tex/latex/csquotes/csquote
s.def
File: csquotes.def 2019-12-06 v5.2j csquotes generic definitions (JAW)
)
Package csquotes Info: Trying to load configuration file 'csquotes.cfg'...
Package csquotes Info: ... configuration file loaded successfully.

(c:/Users/epam2/Downloads/tl/texlive/2020/texmf-dist/tex/latex/csquotes/csquote
s.cfg
File: csquotes.cfg 
))
(c:/Users/epam2/Downloads/tl/texlive/2020/texmf-dist/tex/latex/biblatex/biblate
x.sty
Package: biblatex 2020/08/23 v3.15a programmable bibliographies (PK/MW)

(c:/Users/epam2/Downloads/tl/texlive/2020/texmf-dist/tex/generic/pdftexcmds/pdf
texcmds.sty
Package: pdftexcmds 2020-06-27 v0.33 Utility functions of pdfTeX for LuaTeX (HO)


(c:/Users/epam2/Downloads/tl/texlive/2020/texmf-dist/tex/generic/infwarerr/infw
arerr.sty
Package: infwarerr 2019/12/03 v1.5 Providing info/warning/error messages (HO)
)
(c:/Users/epam2/Downloads/tl/texlive/2020/texmf-dist/tex/generic/iftex/iftex.st
y
Package: iftex 2020/03/06 v1.0d TeX engine tests
)
(c:/Users/epam2/Downloads/tl/texlive/2020/texmf-dist/tex/generic/ltxcmds/ltxcmd
s.sty
Package: ltxcmds 2019/12/15 v1.24 LaTeX kernel commands for general use (HO)
)
Package pdftexcmds Info: \pdf@primitive is available.
Package pdftexcmds Info: \pdf@ifprimitive is available.
Package pdftexcmds Info: \pdfdraftmode found.
\pdftexcmds@toks=\toks29
)
(c:/Users/epam2/Downloads/tl/texlive/2020/texmf-dist/tex/latex/kvoptions/kvopti
ons.sty
Package: kvoptions 2019/11/29 v3.13 Key value format for package options (HO)

(c:/Users/epam2/Downloads/tl/texlive/2020/texmf-dist/tex/generic/kvsetkeys/kvse
tkeys.sty
Package: kvsetkeys 2019/12/15 v1.18 Key value parser (HO)
))
(c:/Users/epam2/Downloads/tl/texlive/2020/texmf-dist/tex/latex/logreq/logreq.st
y
Package: logreq 2010/08/04 v1.0 xml request logger
\lrq@indent=\count283

(c:/Users/epam2/Downloads/tl/texlive/2020/texmf-dist/tex/latex/logreq/logreq.de
f
File: logreq.def 2010/08/04 v1.0 logreq spec v1.0
))
(c:/Users/epam2/Downloads/tl/texlive/2020/texmf-dist/tex/latex/base/ifthen.sty
Package: ifthen 2014/09/29 v1.1c Standard LaTeX ifthen package (DPC)
) (c:/Users/epam2/Downloads/tl/texlive/2020/texmf-dist/tex/latex/url/url.sty
\Urlmuskip=\muskip16
Package: url 2013/09/16  ver 3.4  Verb mode for urls, etc.
)
\c@tabx@nest=\count284
\c@listtotal=\count285
\c@listcount=\count286
\c@liststart=\count287
\c@liststop=\count288
\c@citecount=\count289
\c@citetotal=\count290
\c@multicitecount=\count291
\c@multicitetotal=\count292
\c@instcount=\count293
\c@maxnames=\count294
\c@minnames=\count295
\c@maxitems=\count296
\c@minitems=\count297
\c@citecounter=\count298
\c@maxcitecounter=\count299
\c@savedcitecounter=\count300
\c@uniquelist=\count301
\c@uniquename=\count302
\c@refsection=\count303
\c@refsegment=\count304
\c@maxextratitle=\count305
\c@maxextratitleyear=\count306
\c@maxextraname=\count307
\c@maxextradate=\count308
\c@maxextraalpha=\count309
\c@abbrvpenalty=\count310
\c@highnamepenalty=\count311
\c@lownamepenalty=\count312
\c@maxparens=\count313
\c@parenlevel=\count314
\blx@tempcnta=\count315
\blx@tempcntb=\count316
\blx@tempcntc=\count317
\blx@maxsection=\count318
\blx@maxsegment@0=\count319
\blx@notetype=\count320
\blx@parenlevel@text=\count321
\blx@parenlevel@foot=\count322
\blx@sectionciteorder@0=\count323
\blx@entrysetcounter=\count324
\blx@biblioinstance=\count325
\labelnumberwidth=\skip49
\labelalphawidth=\skip50
\biblabelsep=\skip51
\bibitemsep=\skip52
\bibnamesep=\skip53
\bibinitsep=\skip54
\bibparsep=\skip55
\bibhang=\skip56
\blx@bcfin=\read4
\blx@bcfout=\write4
\blx@langwohyphens=\language88
\c@mincomprange=\count326
\c@maxcomprange=\count327
\c@mincompwidth=\count328
Package biblatex Info: Trying to load biblatex default data model...
Package biblatex Info: ... file 'blx-dm.def' found.

(c:/Users/epam2/Downloads/tl/texlive/2020/texmf-dist/tex/latex/biblatex/blx-dm.
def
File: blx-dm.def 2020/08/23 v3.15a biblatex localization (PK/MW)
)
Package biblatex Info: Trying to load biblatex style data model...
Package biblatex Info: ... file 'bibtvseries.dbx' found.
 (./bibtvseries.dbx)
Package biblatex Info: Trying to load biblatex custom data model...
Package biblatex Info: ... file 'biblatex-dm.cfg' not found.
\c@afterword=\count329
\c@savedafterword=\count330
\c@annotator=\count331
\c@savedannotator=\count332
\c@author=\count333
\c@savedauthor=\count334
\c@bookauthor=\count335
\c@savedbookauthor=\count336
\c@commentator=\count337
\c@savedcommentator=\count338
\c@editor=\count339
\c@savededitor=\count340
\c@editora=\count341
\c@savededitora=\count342
\c@editorb=\count343
\c@savededitorb=\count344
\c@editorc=\count345
\c@savededitorc=\count346
\c@foreword=\count347
\c@savedforeword=\count348
\c@holder=\count349
\c@savedholder=\count350
\c@introduction=\count351
\c@savedintroduction=\count352
\c@namea=\count353
\c@savednamea=\count354
\c@nameb=\count355
\c@savednameb=\count356
\c@namec=\count357
\c@savednamec=\count358
\c@translator=\count359
\c@savedtranslator=\count360
\c@shortauthor=\count361
\c@savedshortauthor=\count362
\c@shorteditor=\count363
\c@savedshorteditor=\count364
\c@producer=\count365
\c@savedproducer=\count366
\c@director=\count367
\c@saveddirector=\count368
\c@writer=\count369
\c@savedwriter=\count370
\c@labelname=\count371
\c@savedlabelname=\count372
\c@institution=\count373
\c@savedinstitution=\count374
\c@lista=\count375
\c@savedlista=\count376
\c@listb=\count377
\c@savedlistb=\count378
\c@listc=\count379
\c@savedlistc=\count380
\c@listd=\count381
\c@savedlistd=\count382
\c@liste=\count383
\c@savedliste=\count384
\c@listf=\count385
\c@savedlistf=\count386
\c@location=\count387
\c@savedlocation=\count388
\c@organization=\count389
\c@savedorganization=\count390
\c@origlocation=\count391
\c@savedoriglocation=\count392
\c@origpublisher=\count393
\c@savedorigpublisher=\count394
\c@publisher=\count395
\c@savedpublisher=\count396
\c@language=\count397
\c@savedlanguage=\count398
\c@origlanguage=\count399
\c@savedoriglanguage=\count400
\c@pageref=\count401
\c@savedpageref=\count402
\shorthandwidth=\skip57
\shortjournalwidth=\skip58
\shortserieswidth=\skip59
\shorttitlewidth=\skip60
\shortauthorwidth=\skip61
\shorteditorwidth=\skip62
\locallabelnumberwidth=\skip63
\locallabelalphawidth=\skip64
\localshorthandwidth=\skip65
\localshortjournalwidth=\skip66
\localshortserieswidth=\skip67
\localshorttitlewidth=\skip68
\localshortauthorwidth=\skip69
\localshorteditorwidth=\skip70
Package biblatex Info: Trying to load enhanced support for Unicode engines...
Package biblatex Info: ... file 'blx-unicode.def' found.

(c:/Users/epam2/Downloads/tl/texlive/2020/texmf-dist/tex/latex/biblatex/blx-uni
code.def)
Package biblatex Info: Trying to load compatibility code...
Package biblatex Info: ... file 'blx-compat.def' found.

(c:/Users/epam2/Downloads/tl/texlive/2020/texmf-dist/tex/latex/biblatex/blx-com
pat.def
File: blx-compat.def 2020/08/23 v3.15a biblatex compatibility (PK/MW)
)
Package biblatex Info: expl3
(biblatex)             2020-09-06 L3 programming layer (loader) 
(biblatex)             is new enough (at least 2020/04/06),
(biblatex)             setting 'casechanger=expl3'.
Package biblatex Info: Trying to load expl3 case changing code...
Package biblatex Info: ... file 'blx-case-expl3.def' found.

(c:/Users/epam2/Downloads/tl/texlive/2020/texmf-dist/tex/latex/biblatex/blx-cas
e-expl3.def
File: blx-case-expl3 2020/08/23 v3.15a expl3 case changing code for biblatex
)
Package biblatex Info: Trying to load generic definitions...
Package biblatex Info: ... file 'biblatex.def' found.

(c:/Users/epam2/Downloads/tl/texlive/2020/texmf-dist/tex/latex/biblatex/biblate
x.def
File: biblatex.def 2020/08/23 v3.15a biblatex compatibility (PK/MW)
\c@textcitecount=\count403
\c@textcitetotal=\count404
\c@textcitemaxnames=\count405
\c@biburlbigbreakpenalty=\count406
\c@biburlbreakpenalty=\count407
\c@biburlnumpenalty=\count408
\c@biburlucpenalty=\count409
\c@biburllcpenalty=\count410
\biburlbigskip=\muskip17
\biburlnumskip=\muskip18
\biburlucskip=\muskip19
\biburllcskip=\muskip20
\c@smartand=\count411
)
Package biblatex Info: Trying to load bibliography style 'oxnotes'...
Package biblatex Info: ... file 'oxnotes.bbx' found.

(c:/Users/epam2/Downloads/tl/texlive/2020/texmf-dist/tex/latex/biblatex-oxref/o
xnotes.bbx
File: oxnotes.bbx 2020/01/27 v2.0.1 Footnote-based bibliography style inspired b
y the Oxford Guide to Style
Package biblatex Info: Trying to load bibliography style 'oxref'...
Package biblatex Info: ... file 'oxref.bbx' found.

(c:/Users/epam2/Downloads/tl/texlive/2020/texmf-dist/tex/latex/biblatex-oxref/o
xref.bbx
File: oxref.bbx 2020/01/27 v2.0.1 Base settings for bibliography styles inspired
 by the Oxford Guide to Style

(c:/Users/epam2/Downloads/tl/texlive/2020/texmf-dist/tex/latex/xpatch/xpatch.st
y
Package: xpatch 2020/03/25 v0.3a Extending etoolbox patching commands
)
(c:/Users/epam2/Downloads/tl/texlive/2020/texmf-dist/tex/generic/xstring/xstrin
g.sty
(c:/Users/epam2/Downloads/tl/texlive/2020/texmf-dist/tex/generic/xstring/xstrin
g.tex
\integerpart=\count412
\decimalpart=\count413
)
Package: xstring 2019/02/06 v1.83 String manipulations (CT)
)
Package biblatex Info: Trying to load bibliography style 'standard'...
Package biblatex Info: ... file 'standard.bbx' found.

(c:/Users/epam2/Downloads/tl/texlive/2020/texmf-dist/tex/latex/biblatex/bbx/sta
ndard.bbx
File: standard.bbx 2020/08/23 v3.15a biblatex bibliography style (PK/MW)
\c@bbx:relatedcount=\count414
\c@bbx:relatedtotal=\count415
)
Package biblatex Info: Delimiter 'revsdnamedelim' in context '' already defined,
 overwriting.
Package biblatex Info: Delimiter 'authortypedelim' in context '' already defined
, overwriting.
Package biblatex Info: Delimiter 'editortypedelim' in context '' already defined
, overwriting.
Package biblatex Info: Delimiter 'translatortypedelim' in context '' already def
ined, overwriting.
\c@namepairs=\count416
\blx@ox@namebox=\box57
\blx@ox@altnamebox=\box58
\c@locpubpairs=\count417
\c@blx@ox@relitem=\count418
Package biblatex Info: Delimiter 'begrelateddelimmultivolume' in context '' alre
ady defined, overwriting.
))
Package biblatex Info: Trying to load citation style 'oxnotes'...
Package biblatex Info: ... file 'oxnotes.cbx' found.

(c:/Users/epam2/Downloads/tl/texlive/2020/texmf-dist/tex/latex/biblatex-oxref/o
xnotes.cbx
File: oxnotes.cbx 2020/01/27 v2.0.1 Footnote-based citation style inspired by th
e Oxford Guide to Style
Package biblatex Info: Trying to load citation style 'verbose'...
Package biblatex Info: ... file 'verbose.cbx' found.

(c:/Users/epam2/Downloads/tl/texlive/2020/texmf-dist/tex/latex/biblatex/cbx/ver
bose.cbx
File: verbose.cbx 2020/08/23 v3.15a biblatex citation style (PK/MW)
Package biblatex Info: Redefining '\cite'.
Package biblatex Info: Redefining '\parencite'.
Package biblatex Info: Redefining '\footcite'.
Package biblatex Info: Redefining '\footcitetext'.
Package biblatex Info: Redefining '\smartcite'.
Package biblatex Info: Redefining '\textcite'.
Package biblatex Info: Redefining '\textcites'.
))
Package biblatex Info: Trying to load configuration file...
Package biblatex Info: ... file 'biblatex.cfg' found.

(c:/Users/epam2/Downloads/tl/texlive/2020/texmf-dist/tex/latex/biblatex/biblate
x.cfg
File: biblatex.cfg 
))
luaotfload | cache : Lookup cache loaded from C:/Users/epam2/Downloads/tl/texliv
e/2020/texmf-var/luatex-cache/generic/names/luaotfload-lookup-cache.luc.

Package fontspec Info: Font family 'NotoSerif(0)' created for font 'Noto
(fontspec)             Serif' with options [Ligatures=TeX].
(fontspec)              
(fontspec)              This font family consists of the following NFSS
(fontspec)             series/shapes:
(fontspec)              
(fontspec)             - 'normal' (m/n) with NFSS spec.:
(fontspec)             <->"NotoSerif:mode=node;script=latn;language=dflt;+tlig;"

(fontspec)             - 'small caps'  (m/sc) with NFSS spec.:
(fontspec)             <->"NotoSerif:mode=node;script=latn;language=dflt;+tlig;+
smcp;"
(fontspec)             - 'bold' (b/n) with NFSS spec.:
(fontspec)             <->"NotoSerif/B:mode=node;script=latn;language=dflt;+tlig
;"
(fontspec)             - 'bold small caps'  (b/sc) with NFSS spec.:
(fontspec)             <->"NotoSerif/B:mode=node;script=latn;language=dflt;+tlig
;+smcp;"
(fontspec)             - 'italic' (m/it) with NFSS spec.:
(fontspec)             <->"NotoSerif/I:mode=node;script=latn;language=dflt;+tlig
;"
(fontspec)             - 'italic small caps'  (m/scit) with NFSS spec.:
(fontspec)             <->"NotoSerif/I:mode=node;script=latn;language=dflt;+tlig
;+smcp;"
(fontspec)             - 'bold italic' (b/it) with NFSS spec.:
(fontspec)             <->"NotoSerif/BI:mode=node;script=latn;language=dflt;+tli
g;"
(fontspec)             - 'bold italic small caps'  (b/scit) with NFSS spec.:
(fontspec)             <->"NotoSerif/BI:mode=node;script=latn;language=dflt;+tli
g;+smcp;"


(c:/Users/epam2/Downloads/tl/texlive/2020/texmf-dist/tex/latex/tcolorbox/tcolor
box.sty
Package: tcolorbox 2020/07/31 version 4.31 text color boxes

(c:/Users/epam2/Downloads/tl/texlive/2020/texmf-dist/tex/latex/tools/verbatim.s
ty
Package: verbatim 2019/11/10 v1.5r LaTeX2e package for verbatim enhancements
\every@verbatim=\toks30
\verbatim@line=\toks31
\verbatim@in@stream=\read5
)
(c:/Users/epam2/Downloads/tl/texlive/2020/texmf-dist/tex/latex/environ/environ.
sty
Package: environ 2014/05/04 v0.3 A new way to define environments

(c:/Users/epam2/Downloads/tl/texlive/2020/texmf-dist/tex/latex/trimspaces/trims
paces.sty
Package: trimspaces 2009/09/17 v1.1 Trim spaces around a token list
)
\@envbody=\toks32
)
\tcb@titlebox=\box59
\tcb@upperbox=\box60
\tcb@lowerbox=\box61
\tcb@phantombox=\box62
\c@tcbbreakpart=\count419
\c@tcblayer=\count420
\c@tcolorbox@number=\count421
\tcb@temp=\box63
\tcb@temp=\box64
\tcb@temp=\box65
\tcb@temp=\box66
\tcb@out=\write5
\tcb@record@out=\write6
)
(c:/Users/epam2/Downloads/tl/texlive/2020/texmf-dist/tex/latex/tcolorbox/tcbski
ns.code.tex
Library (tcolorbox): 'tcbskins.code.tex' version '4.31'
\tcb@waterbox=\box67

(c:/Users/epam2/Downloads/tl/texlive/2020/texmf-dist/tex/latex/tcolorbox/tcbski
nsjigsaw.code.tex
Library (tcolorbox): 'tcbskinsjigsaw.code.tex' version '4.31'
))
(c:/Users/epam2/Downloads/tl/texlive/2020/texmf-dist/tex/generic/pgf/frontendla
yer/tikz/libraries/tikzlibraryshadows.code.tex
File: tikzlibraryshadows.code.tex 2020/01/08 v3.1.5b (3.1.5b)

(c:/Users/epam2/Downloads/tl/texlive/2020/texmf-dist/tex/generic/pgf/frontendla
yer/tikz/libraries/tikzlibraryfadings.code.tex
File: tikzlibraryfadings.code.tex 2020/01/08 v3.1.5b (3.1.5b)

(c:/Users/epam2/Downloads/tl/texlive/2020/texmf-dist/tex/generic/pgf/libraries/
pgflibraryfadings.code.tex
File: pgflibraryfadings.code.tex 2020/01/08 v3.1.5b (3.1.5b)
)))
Package csquotes Info: Checking for multilingual support...
Package csquotes Info: ... found 'babel' package.
Package csquotes Info: Adjusting default style.
Package csquotes Info: Redefining alias 'default' -> 'english'.
 (./biblatex_tvseries_template.aux)
\openout1 = biblatex_tvseries_template.aux

LaTeX Font Info:    Checking defaults for OML/cmm/m/it on input line 1180.
LaTeX Font Info:    ... okay on input line 1180.
LaTeX Font Info:    Checking defaults for OMS/cmsy/m/n on input line 1180.
LaTeX Font Info:    ... okay on input line 1180.
LaTeX Font Info:    Checking defaults for OT1/cmr/m/n on input line 1180.
LaTeX Font Info:    ... okay on input line 1180.
LaTeX Font Info:    Checking defaults for T1/cmr/m/n on input line 1180.
LaTeX Font Info:    ... okay on input line 1180.
LaTeX Font Info:    Checking defaults for TS1/cmr/m/n on input line 1180.
LaTeX Font Info:    Trying to load font information for TS1+cmr on input line 11
80.

(c:/Users/epam2/Downloads/tl/texlive/2020/texmf-dist/tex/latex/base/ts1cmr.fd
File: ts1cmr.fd 2019/12/16 v2.5j Standard LaTeX font definitions
)
LaTeX Font Info:    ... okay on input line 1180.
LaTeX Font Info:    Checking defaults for TU/lmr/m/n on input line 1180.
LaTeX Font Info:    ... okay on input line 1180.
LaTeX Font Info:    Checking defaults for OMX/cmex/m/n on input line 1180.
LaTeX Font Info:    ... okay on input line 1180.
LaTeX Font Info:    Checking defaults for U/cmr/m/n on input line 1180.
LaTeX Font Info:    ... okay on input line 1180.

(c:/Users/epam2/Downloads/tl/texlive/2020/texmf-dist/tex/context/base/mkii/supp
-pdf.mkii
[Loading MPS to PDF converter (version 2006.09.02).]
\scratchcounter=\count422
\scratchdimen=\dimen191
\scratchbox=\box68
\nofMPsegments=\count423
\nofMParguments=\count424
\everyMPshowfont=\toks33
\MPscratchCnt=\count425
\MPscratchDim=\dimen192
\MPnumerator=\count426
\makeMPintoPDFobject=\count427
\everyMPtoPDFconversion=\toks34
)
(c:/Users/epam2/Downloads/tl/texlive/2020/texmf-dist/tex/latex/epstopdf-pkg/eps
topdf-base.sty
Package: epstopdf-base 2020-01-24 v2.11 Base part for package epstopdf
Package epstopdf-base Info: Redefining graphics rule for `.eps' on input line 48
5.

(c:/Users/epam2/Downloads/tl/texlive/2020/texmf-dist/tex/latex/latexconfig/epst
opdf-sys.cfg
File: epstopdf-sys.cfg 2010/07/13 v1.3 Configuration of (r)epstopdf for TeX Live

))

Package fontspec Info: Adjusting the maths setup (use [no-math] to avoid
(fontspec)             this).

\symlegacymaths=\mathgroup4
LaTeX Font Info:    Overwriting symbol font `legacymaths' in version `bold'
(Font)                  OT1/cmr/m/n --> OT1/cmr/bx/n on input line 1180.
LaTeX Font Info:    Redeclaring math accent \acute on input line 1180.
LaTeX Font Info:    Redeclaring math accent \grave on input line 1180.
LaTeX Font Info:    Redeclaring math accent \ddot on input line 1180.
LaTeX Font Info:    Redeclaring math accent \tilde on input line 1180.
LaTeX Font Info:    Redeclaring math accent \bar on input line 1180.
LaTeX Font Info:    Redeclaring math accent \breve on input line 1180.
LaTeX Font Info:    Redeclaring math accent \check on input line 1180.
LaTeX Font Info:    Redeclaring math accent \hat on input line 1180.
LaTeX Font Info:    Redeclaring math accent \dot on input line 1180.
LaTeX Font Info:    Redeclaring math accent \mathring on input line 1180.
LaTeX Font Info:    Redeclaring math symbol \colon on input line 1180.
LaTeX Font Info:    Redeclaring math symbol \Gamma on input line 1180.
LaTeX Font Info:    Redeclaring math symbol \Delta on input line 1180.
LaTeX Font Info:    Redeclaring math symbol \Theta on input line 1180.
LaTeX Font Info:    Redeclaring math symbol \Lambda on input line 1180.
LaTeX Font Info:    Redeclaring math symbol \Xi on input line 1180.
LaTeX Font Info:    Redeclaring math symbol \Pi on input line 1180.
LaTeX Font Info:    Redeclaring math symbol \Sigma on input line 1180.
LaTeX Font Info:    Redeclaring math symbol \Upsilon on input line 1180.
LaTeX Font Info:    Redeclaring math symbol \Phi on input line 1180.
LaTeX Font Info:    Redeclaring math symbol \Psi on input line 1180.
LaTeX Font Info:    Redeclaring math symbol \Omega on input line 1180.
LaTeX Font Info:    Redeclaring math symbol \mathdollar on input line 1180.
LaTeX Font Info:    Redeclaring symbol font `operators' on input line 1180.
LaTeX Font Info:    Encoding `OT1' has changed to `TU' for symbol font
(Font)              `operators' in the math version `normal' on input line 1180.

LaTeX Font Info:    Overwriting symbol font `operators' in version `normal'
(Font)                  OT1/cmr/m/n --> TU/NotoSerif(0)/m/n on input line 1180.
LaTeX Font Info:    Encoding `OT1' has changed to `TU' for symbol font
(Font)              `operators' in the math version `bold' on input line 1180.
LaTeX Font Info:    Overwriting symbol font `operators' in version `bold'
(Font)                  OT1/cmr/bx/n --> TU/NotoSerif(0)/m/n on input line 1180.

LaTeX Font Info:    Overwriting symbol font `operators' in version `normal'
(Font)                  TU/NotoSerif(0)/m/n --> TU/NotoSerif(0)/m/n on input lin
e 1180.
LaTeX Font Info:    Overwriting math alphabet `\mathit' in version `normal'
(Font)                  OT1/cmr/m/it --> TU/NotoSerif(0)/m/it on input line 1180
.
LaTeX Font Info:    Overwriting math alphabet `\mathbf' in version `normal'
(Font)                  OT1/cmr/bx/n --> TU/NotoSerif(0)/b/n on input line 1180.

LaTeX Font Info:    Overwriting math alphabet `\mathsf' in version `normal'
(Font)                  OT1/cmss/m/n --> TU/lmss/m/n on input line 1180.
LaTeX Font Info:    Overwriting math alphabet `\mathtt' in version `normal'
(Font)                  OT1/cmtt/m/n --> TU/lmtt/m/n on input line 1180.
LaTeX Font Info:    Overwriting symbol font `operators' in version `bold'
(Font)                  TU/NotoSerif(0)/m/n --> TU/NotoSerif(0)/b/n on input lin
e 1180.
LaTeX Font Info:    Overwriting math alphabet `\mathit' in version `bold'
(Font)                  OT1/cmr/bx/it --> TU/NotoSerif(0)/b/it on input line 118
0.
LaTeX Font Info:    Overwriting math alphabet `\mathsf' in version `bold'
(Font)                  OT1/cmss/bx/n --> TU/lmss/b/n on input line 1180.
LaTeX Font Info:    Overwriting math alphabet `\mathtt' in version `bold'
(Font)                  OT1/cmtt/m/n --> TU/lmtt/b/n on input line 1180.
 ABD: EveryShipout initializing macros
Package biblatex Info: Trying to load language 'english' -> 'english-bibtvseries
'...
Package biblatex Info: ... file 'english-bibtvseries.lbx' found.
 (./english-bibtvseries.lbx
File: english-bibtvseries.lbx 2018/11/15 english with additions for TV series
Package biblatex Info: Trying to load language 'english'...
Package biblatex Info: ... file 'english.lbx' found.

(c:/Users/epam2/Downloads/tl/texlive/2020/texmf-dist/tex/latex/biblatex/lbx/eng
lish.lbx
File: english.lbx 2020/08/23 v3.15a biblatex localization (PK/MW)
)
Package biblatex Info: Trying to load language 'english'...
Package biblatex Info: ... file 'english.lbx' found.

(c:/Users/epam2/Downloads/tl/texlive/2020/texmf-dist/tex/latex/biblatex/lbx/eng
lish.lbx
File: english.lbx 2020/08/23 v3.15a biblatex localization (PK/MW)
))
Package biblatex Info: LuaTeX detected.
(biblatex)             Assuming input encoding 'utf8'.
Package biblatex Info: Automatic encoding selection.
(biblatex)             Assuming data encoding 'utf8'.

\openout4 = biblatex_tvseries_template.bcf
Package biblatex Info: Trying to load bibliographic data...
Package biblatex Info: ... file 'biblatex_tvseries_template.bbl' found.
 (./biblatex_tvseries_template.bbl)
Package biblatex Info: Reference section=0 on input line 1180.
Package biblatex Info: Reference segment=0 on input line 1180.
LaTeX Font Info:    External font `cmex10' loaded for size
(Font)              <12> on input line 1204.
LaTeX Font Info:    External font `cmex10' loaded for size
(Font)              <8> on input line 1204.
LaTeX Font Info:    External font `cmex10' loaded for size
(Font)              <6> on input line 1204.
LaTeX Font Info:    External font `cmex10' loaded for size
(Font)              <7> on input line 1204.
LaTeX Font Info:    External font `cmex10' loaded for size
(Font)              <5> on input line 1204.
 [1

{c:/Users/epam2/Downloads/tl/texlive/2020/texmf-var/fonts/map/pdftex/updmap/pdft
ex.map}] [2]
Underfull \hbox (badness 1635) in paragraph at lines 1251--1251
[]\TU/NotoSerif(0)/m/n/12 “  The An-droid Ma-chine”, 2.7, writ-ten by Bob Du
n-can and
 []

[3]
Underfull \hbox (badness 1635) in paragraph at lines 1253--1253
[]\TU/NotoSerif(0)/m/n/12 “  The An-droid Ma-chine”, 2.7, writ-ten by Bob Du
n-can and
 []

[4]
Underfull \hbox (badness 10000) in paragraph at lines 1274--1274
[]\TU/lmtt/m/n/12 \citeeptitleplains(AA)(BB)[meaning either the android
 []


Underfull \hbox (badness 10000) in paragraph at lines 1274--1274
\TU/lmtt/m/n/12 or the vending machine]{lis36}[and with][a reference to
 []


Underfull \hbox (badness 10000) in paragraph at lines 1283--1283
[]\TU/lmtt/m/n/12 text\footcite[See][for space agency implications]{iat19,
 []

[5]
Underfull \hbox (badness 10000) in paragraph at lines 1288--1288
[]\TU/lmtt/m/n/12 text\footfullcite[See][with Verda as a silver-skinned Tin
 []


Underfull \hbox (badness 10000) in paragraph at lines 1290--1290
[]\TU/lmtt/m/n/12 text\footfullcite[See][with Verda as a silver-skinned Tin
 []

[6]
Underfull \hbox (badness 10000) in paragraph at lines 1310--1310
[]\TU/lmtt/m/n/12 \citeeptitlerefl[See][for examples of artificial
 []

[7]
Underfull \hbox (badness 10000) in paragraph at lines 1312--1312
[]\TU/lmtt/m/n/12 \citeeptitlerefls(See, e.g.:)(both being portrayed as
 []


Underfull \hbox (badness 10000) in paragraph at lines 1312--1312
\TU/lmtt/m/n/12 machines that can learn)[Verda the android, a basic
 []


Underfull \hbox (badness 10000) in paragraph at lines 1312--1312
\TU/lmtt/m/n/12 model from a vending machine, in][]{lis36}[and a space
 []


Underfull \hbox (badness 10000) in paragraph at lines 1317--1317
[]\TU/lmtt/m/n/12 all of the Duncan's episodes\autocites{lis34, lis36,
 []

[8] [9] [10]
<batman.png, id=69, 180.675pt x 138.5175pt>
File: batman.png Graphic file (type png)
<use batman.png>
Package luatex.def Info: batman.png  used on input line 1508.
(luatex.def)             Requested size: 50.18692pt x 38.47604pt.

Overfull \hbox (6.18692pt too wide) in paragraph at lines 1512--1512
[][] 
 []

<gi.png, id=70, 219.82124pt x 164.41425pt>
File: gi.png Graphic file (type png)
<use gi.png>
Package luatex.def Info: gi.png  used on input line 1508.
(luatex.def)             Requested size: 50.18692pt x 37.536pt.

Overfull \hbox (6.18692pt too wide) in paragraph at lines 1512--1512
[][] 
 []


LaTeX Warning: Marginpar on page 11 moved.

<iat.png, id=71, 180.675pt x 133.6995pt>
File: iat.png Graphic file (type png)
<use iat.png>
Package luatex.def Info: iat.png  used on input line 1508.
(luatex.def)             Requested size: 50.18692pt x 37.13774pt.

Overfull \hbox (6.18692pt too wide) in paragraph at lines 1512--1512
[][] 
 []


LaTeX Warning: Marginpar on page 11 moved.

<lotg.png, id=72, 192.72pt x 144.54pt>
File: lotg.png Graphic file (type png)
<use lotg.png>
Package luatex.def Info: lotg.png  used on input line 1508.
(luatex.def)             Requested size: 50.18692pt x 37.63905pt.

Overfull \hbox (6.18692pt too wide) in paragraph at lines 1512--1512
[][] 
 []


LaTeX Warning: Marginpar on page 11 moved.

<mld.png, id=73, 301.125pt x 384.2355pt>
File: mld.png Graphic file (type png)
<use mld.png>
Package luatex.def Info: mld.png  used on input line 1508.
(luatex.def)             Requested size: 50.18692pt x 64.03517pt.

Overfull \hbox (6.18692pt too wide) in paragraph at lines 1512--1512
[][] 
 []


LaTeX Warning: Marginpar on page 11 moved.

[11<./batman.png><./gi.png><./iat.png><./lotg.png><./mld.png>]
LaTeX Font Info:    Font shape `TU/wmdesigns1(0)/m/n' will be
(Font)              scaled to size 36.0pt on input line 1528.
Inserting `luaotfload.color_handler' at position 1 in `post_linebreak_filter'.
Inserting `luaotfload.color_handler' at position 2 in `hpack_filter'.
Inserting `luaotfload.color_handler' at position 1 in `post_mlist_to_hlist_filte
r'. [12]
(./biblatex_tvseries_template.aux)

LaTeX Warning: There were undefined references.


Package biblatex Warning: Please (re)run Biber on the file:
(biblatex)                biblatex_tvseries_template
(biblatex)                and rerun LaTeX afterwards.

Package logreq Info: Writing requests to 'biblatex_tvseries_template.run.xml'.

\openout1 = biblatex_tvseries_template.run.xml
)

Here is how much of LuaTeX's memory you used:
 27996 strings out of 481285
 100000,1977958 words of node,token memory allocated
 1989 words of node memory still in use:
   59 hlist, 11 vlist, 14 rule, 5 local_par, 22 glue, 8 kern, 5 penalty, 1 glyph
, 136 attribute, 60 glue_spec, 93 attribute_list, 2 write, 16 pdf_literal, 16 pd
f_colorstack, 5 pdf_setmatrix, 5 pdf_save, 5 pdf_restore nodes
   avail lists: 1:3,2:4103,3:941,4:56,5:131,6:24,7:2344,8:3,9:295,10:18,11:98
 44391 multiletter control sequences out of 65536+600000
 79 fonts using 14578879 bytes
 60i,10n,86p,1332b,2916s stack positions out of 5000i,500n,10000p,200000b,200000s
<c:/Users/Public/fonts/wmdesigns1.TTF><c:/Users/epam2/AppData/Local/Microsoft/Wi
ndows/Fonts/NotoSerif-Italic.ttf><c:/Users/epam2/AppData/Local/Microsoft/Windows
/Fonts/NotoSerif-Regular.ttf><c:/Users/epam2/AppData/Local/Microsoft/Windows/Fon
ts/NotoSerif-BoldItalic.ttf><c:/Users/epam2/AppData/Local/Microsoft/Windows/Font
s/NotoSerif-Bold.ttf><c:/Users/epam2/Downloads/tl/texlive/2020/texmf-dist/fonts/
opentype/public/lm/lmmono12-regular.otf><c:/Users/epam2/Downloads/tl/texlive/202
0/texmf-dist/fonts/opentype/public/lm/lmmonocaps10-regular.otf><c:/Users/epam2/D
ownloads/tl/texlive/2020/texmf-dist/fonts/type1/public/amsfonts/cm/cmsy10.pfb>
Output written on biblatex_tvseries_template.pdf (12 pages, 818917 bytes).

PDF statistics: 130 PDF objects out of 1000 (max. 8388607)
 71 compressed objects within 1 object stream
 0 named destinations out of 1000 (max. 131072)
 186 words of extra memory for PDF output out of 10000 (max. 100000000)

